<?xml version="1.0" encoding="UTF-8"?>
<!-- Generated by org.testng.reporters.JUnitReportReporter -->
<testsuite skipped="0" hostname="DESKTOP-A6N9SAN" name="testScripts.Motorcycle.SendQuote" tests="12" failures="0" timestamp="21 Aug 2020 11:54:42 GMT" time="0.251" errors="0">
  <testcase name="verifyIsNewautomobileinsuranceVisible" time="0.033" classname="testScripts.Motorcycle.SendQuote"/>
  <testcase name="verifyIsPhoneVisible" time="0.015" classname="testScripts.Motorcycle.SendQuote"/>
  <testcase name="verifyIsConfirmpasswordVisible" time="0.025" classname="testScripts.Motorcycle.SendQuote"/>
  <testcase name="verifyIsUsernameVisible" time="0.015" classname="testScripts.Motorcycle.SendQuote"/>
  <testcase name="verifyIsPrevVisible" time="0.018" classname="testScripts.Motorcycle.SendQuote"/>
  <testcase name="verifyIsMainpageVisible" time="0.026" classname="testScripts.Motorcycle.SendQuote"/>
  <testcase name="verifyIsNewtruckinsuranceVisible" time="0.022" classname="testScripts.Motorcycle.SendQuote"/>
  <testcase name="verifyIsSendemailVisible" time="0.018" classname="testScripts.Motorcycle.SendQuote"/>
  <testcase name="verifyIsEmailVisible" time="0.027" classname="testScripts.Motorcycle.SendQuote"/>
  <testcase name="verifyIsCommentsVisible" time="0.019" classname="testScripts.Motorcycle.SendQuote"/>
  <testcase name="verifyIsNewcamperinsuranceVisible" time="0.020" classname="testScripts.Motorcycle.SendQuote"/>
  <testcase name="verifyIsPasswordVisible" time="0.013" classname="testScripts.Motorcycle.SendQuote"/>
</testsuite> <!-- testScripts.Motorcycle.SendQuote -->
