<?xml version="1.0" encoding="UTF-8"?>
<!-- Generated by org.testng.reporters.JUnitReportReporter -->
<testsuite skipped="0" hostname="DESKTOP-A6N9SAN" name="testScripts.Motorcycle.EnterProductData" tests="30" failures="0" timestamp="22 Aug 2020 12:10:26 GMT" time="3.222" errors="0">
  <testcase name="hobbiesOptionsVisible" time="0.147" classname="testScripts.Motorcycle.EnterProductData"/>
  <testcase name="verifyNextButtonText" time="0.036" classname="testScripts.Motorcycle.EnterProductData"/>
  <testcase name="isOptionalProductTextBoxVisible" time="0.020" classname="testScripts.Motorcycle.EnterProductData"/>
  <testcase name="damageInsuranceOptionsVisible" time="0.220" classname="testScripts.Motorcycle.EnterProductData"/>
  <testcase name="hobbiesOptionsVisible" time="0.147" classname="testScripts.Motorcycle.EnterProductData"/>
  <testcase name="isPrevButtonVisible" time="0.018" classname="testScripts.Motorcycle.EnterProductData"/>
  <testcase name="verifyOnClickPrevButton" time="0.222" classname="testScripts.Motorcycle.EnterProductData"/>
  <testcase name="hobbiesOptionsVisible" time="0.142" classname="testScripts.Motorcycle.EnterProductData"/>
  <testcase name="isOptionalProductsLabelVisible" time="0.021" classname="testScripts.Motorcycle.EnterProductData"/>
  <testcase name="damageInsuranceOptionsVisible" time="0.181" classname="testScripts.Motorcycle.EnterProductData"/>
  <testcase name="isDamageInsuranceDropDownVisible" time="0.019" classname="testScripts.Motorcycle.EnterProductData"/>
  <testcase name="isInsuranceSumDropDownVisible" time="0.021" classname="testScripts.Motorcycle.EnterProductData"/>
  <testcase name="isStartDateTextBoxVisible" time="0.020" classname="testScripts.Motorcycle.EnterProductData"/>
  <testcase name="validDamageInsuranceDropDownSelection" time="0.109" classname="testScripts.Motorcycle.EnterProductData"/>
  <testcase name="isInsuranceSumLabelVisible" time="0.019" classname="testScripts.Motorcycle.EnterProductData"/>
  <testcase name="isStartDateLabelVisible" time="0.030" classname="testScripts.Motorcycle.EnterProductData"/>
  <testcase name="verifyPrevButtonText" time="0.035" classname="testScripts.Motorcycle.EnterProductData"/>
  <testcase name="hobbiesOptionsVisible" time="0.143" classname="testScripts.Motorcycle.EnterProductData"/>
  <testcase name="checkNextLabelInsSum" time="0.091" classname="testScripts.Motorcycle.EnterProductData"/>
  <testcase name="isCalendarButtonClickable" time="0.115" classname="testScripts.Motorcycle.EnterProductData"/>
  <testcase name="hobbiesOptionsVisible" time="0.238" classname="testScripts.Motorcycle.EnterProductData"/>
  <testcase name="validStartDateText" time="0.293" classname="testScripts.Motorcycle.EnterProductData"/>
  <testcase name="hobbiesOptionsVisible" time="0.148" classname="testScripts.Motorcycle.EnterProductData"/>
  <testcase name="damageInsuranceOptionsVisible" time="0.170" classname="testScripts.Motorcycle.EnterProductData"/>
  <testcase name="isNextButtonVisible" time="0.018" classname="testScripts.Motorcycle.EnterProductData"/>
  <testcase name="hobbiesOptionsVisible" time="0.171" classname="testScripts.Motorcycle.EnterProductData"/>
  <testcase name="hobbiesOptionsVisible" time="0.164" classname="testScripts.Motorcycle.EnterProductData"/>
  <testcase name="damageInsuranceLabelVisible" time="0.018" classname="testScripts.Motorcycle.EnterProductData"/>
  <testcase name="hobbiesOptionsVisible" time="0.149" classname="testScripts.Motorcycle.EnterProductData"/>
  <testcase name="validInsuranceDropDown" time="0.097" classname="testScripts.Motorcycle.EnterProductData"/>
</testsuite> <!-- testScripts.Motorcycle.EnterProductData -->
