<?xml version="1.0" encoding="UTF-8"?>
<!-- Generated by org.testng.reporters.JUnitReportReporter -->
<testsuite skipped="0" hostname="DESKTOP-A6N9SAN" name="testScripts.Motorcycle.EnterInsuranceData" tests="50" failures="0" timestamp="22 Aug 2020 13:31:51 GMT" time="183.980" errors="0">
  <testcase name="invalidWebsitentry" time="10.230" classname="testScripts.Motorcycle.EnterInsuranceData"/>
  <testcase name="invalidZipCode" time="10.193" classname="testScripts.Motorcycle.EnterInsuranceData"/>
  <testcase name="invalidZipCode" time="10.232" classname="testScripts.Motorcycle.EnterInsuranceData"/>
  <testcase name="invalidFirstName" time="10.238" classname="testScripts.Motorcycle.EnterInsuranceData"/>
  <testcase name="isHobbiesCheckBoxVisible" time="0.032" classname="testScripts.Motorcycle.EnterInsuranceData"/>
  <testcase name="occupationOptionsVisible" time="0.020" classname="testScripts.Motorcycle.EnterInsuranceData"/>
  <testcase name="validHobbiesSelection" time="0.116" classname="testScripts.Motorcycle.EnterInsuranceData"/>
  <testcase name="invalidWebsitentry" time="10.216" classname="testScripts.Motorcycle.EnterInsuranceData"/>
  <testcase name="invalidLastName" time="10.223" classname="testScripts.Motorcycle.EnterInsuranceData"/>
  <testcase name="validWebsiteEntry" time="0.219" classname="testScripts.Motorcycle.EnterInsuranceData"/>
  <testcase name="validLastName" time="0.229" classname="testScripts.Motorcycle.EnterInsuranceData"/>
  <testcase name="hobbiesOptionsVisible" time="0.015" classname="testScripts.Motorcycle.EnterInsuranceData"/>
  <testcase name="invalidWebsitentry" time="10.226" classname="testScripts.Motorcycle.EnterInsuranceData"/>
  <testcase name="hobbiesOptionsVisible" time="0.015" classname="testScripts.Motorcycle.EnterInsuranceData"/>
  <testcase name="selectPicture" time="7.204" classname="testScripts.Motorcycle.EnterInsuranceData"/>
  <testcase name="validOccupationDropDown" time="0.218" classname="testScripts.Motorcycle.EnterInsuranceData"/>
  <testcase name="validFirstName" time="0.228" classname="testScripts.Motorcycle.EnterInsuranceData"/>
  <testcase name="validLastName" time="0.193" classname="testScripts.Motorcycle.EnterInsuranceData"/>
  <testcase name="invalidZipCode" time="10.177" classname="testScripts.Motorcycle.EnterInsuranceData"/>
  <testcase name="invalidLastName" time="10.247" classname="testScripts.Motorcycle.EnterInsuranceData"/>
  <testcase name="verifyOnClickPrevButton" time="0.282" classname="testScripts.Motorcycle.EnterInsuranceData"/>
  <testcase name="isPrevButtonVisible" time="0.013" classname="testScripts.Motorcycle.EnterInsuranceData"/>
  <testcase name="occupationOptionsVisible" time="0.019" classname="testScripts.Motorcycle.EnterInsuranceData"/>
  <testcase name="invalidFirstName" time="10.204" classname="testScripts.Motorcycle.EnterInsuranceData"/>
  <testcase name="validZipCode" time="0.189" classname="testScripts.Motorcycle.EnterInsuranceData"/>
  <testcase name="isNextButtonVisible" time="0.015" classname="testScripts.Motorcycle.EnterInsuranceData"/>
  <testcase name="invalidZipCode" time="10.210" classname="testScripts.Motorcycle.EnterInsuranceData"/>
  <testcase name="verifyPrevButtonText" time="0.046" classname="testScripts.Motorcycle.EnterInsuranceData"/>
  <testcase name="invalidLastName" time="10.194" classname="testScripts.Motorcycle.EnterInsuranceData"/>
  <testcase name="validFirstName" time="0.265" classname="testScripts.Motorcycle.EnterInsuranceData"/>
  <testcase name="invalidFirstName" time="10.237" classname="testScripts.Motorcycle.EnterInsuranceData"/>
  <testcase name="hobbiesOptionsVisible" time="0.013" classname="testScripts.Motorcycle.EnterInsuranceData"/>
  <testcase name="isWebsiteTextBoxVisible" time="0.015" classname="testScripts.Motorcycle.EnterInsuranceData"/>
  <testcase name="verifyNextButtonText" time="0.028" classname="testScripts.Motorcycle.EnterInsuranceData"/>
  <testcase name="occupationOptionsVisible" time="0.013" classname="testScripts.Motorcycle.EnterInsuranceData"/>
  <testcase name="invalidFirstName" time="10.231" classname="testScripts.Motorcycle.EnterInsuranceData"/>
  <testcase name="occupationOptionsVisible" time="0.022" classname="testScripts.Motorcycle.EnterInsuranceData"/>
  <testcase name="invalidWebsitentry" time="10.159" classname="testScripts.Motorcycle.EnterInsuranceData"/>
  <testcase name="hobbiesOptionsVisible" time="0.014" classname="testScripts.Motorcycle.EnterInsuranceData"/>
  <testcase name="isPictureLabelVisible" time="0.014" classname="testScripts.Motorcycle.EnterInsuranceData"/>
  <testcase name="occupationOptionsVisible" time="0.013" classname="testScripts.Motorcycle.EnterInsuranceData"/>
  <testcase name="validWebsiteEntry" time="0.162" classname="testScripts.Motorcycle.EnterInsuranceData"/>
  <testcase name="isWebsiteLabelVisible" time="0.017" classname="testScripts.Motorcycle.EnterInsuranceData"/>
  <testcase name="validZipCode" time="0.175" classname="testScripts.Motorcycle.EnterInsuranceData"/>
  <testcase name="validCountryDropDown" time="0.315" classname="testScripts.Motorcycle.EnterInsuranceData"/>
  <testcase name="invalidWebsitentry" time="10.241" classname="testScripts.Motorcycle.EnterInsuranceData"/>
  <testcase name="hobbiesOptionsVisible" time="0.015" classname="testScripts.Motorcycle.EnterInsuranceData"/>
  <testcase name="invalidLastName" time="10.221" classname="testScripts.Motorcycle.EnterInsuranceData"/>
  <testcase name="isHobbiesLabelVisible" time="0.021" classname="testScripts.Motorcycle.EnterInsuranceData"/>
  <testcase name="validWebsiteEntry" time="0.146" classname="testScripts.Motorcycle.EnterInsuranceData"/>
</testsuite> <!-- testScripts.Motorcycle.EnterInsuranceData -->
