<?xml version="1.0" encoding="UTF-8"?>
<!-- Generated by org.testng.reporters.JUnitReportReporter -->
<testsuite skipped="0" hostname="DESKTOP-A6N9SAN" name="testScripts.Motorcycle.EnterVehicleData" tests="28" failures="0" timestamp="21 Aug 2020 12:44:23 GMT" time="5.682" errors="0">
  <testcase name="verifyIsNumberofSeatstext" time="0.033" classname="testScripts.Motorcycle.EnterVehicleData"/>
  <testcase name="verifyIsEnginePerformancetext" time="0.041" classname="testScripts.Motorcycle.EnterVehicleData"/>
  <testcase name="verifyCylinderCapacitySelection" time="0.790" classname="testScripts.Motorcycle.EnterVehicleData"/>
  <testcase name="verifyIsOpenNextButtonVisible" time="0.029" classname="testScripts.Motorcycle.EnterVehicleData"/>
  <testcase name="verifyIsNumberOfSeatsVisible" time="0.018" classname="testScripts.Motorcycle.EnterVehicleData"/>
  <testcase name="verifyIsMakeVisible" time="0.021" classname="testScripts.Motorcycle.EnterVehicleData"/>
  <testcase name="verifyIsListPriceVisible" time="0.017" classname="testScripts.Motorcycle.EnterVehicleData"/>
  <testcase name="verifyIsAnnualMileagetext" time="0.042" classname="testScripts.Motorcycle.EnterVehicleData"/>
  <testcase name="verifyIsSelectnumberofseatsSelectable" time="0.133" classname="testScripts.Motorcycle.EnterVehicleData"/>
  <testcase name="verifyIsOpenDateOfCalenderButtonVisible" time="0.020" classname="testScripts.Motorcycle.EnterVehicleData"/>
  <testcase name="verifyIsSelectModelMakerSelectable" time="0.124" classname="testScripts.Motorcycle.EnterVehicleData"/>
  <testcase name="verifyIsEnginePerformanceVisible" time="0.048" classname="testScripts.Motorcycle.EnterVehicleData"/>
  <testcase name="verifyAnnualMileageSelection" time="1.225" classname="testScripts.Motorcycle.EnterVehicleData"/>
  <testcase name="verifyIsModeltext" time="0.038" classname="testScripts.Motorcycle.EnterVehicleData"/>
  <testcase name="verifyEnginePerformanceSelection" time="0.851" classname="testScripts.Motorcycle.EnterVehicleData"/>
  <testcase name="verifyIsMaketext" time="0.037" classname="testScripts.Motorcycle.EnterVehicleData"/>
  <testcase name="verifyIsSelectMakeMakerSelectable" time="0.121" classname="testScripts.Motorcycle.EnterVehicleData"/>
  <testcase name="verifyIsNextButtontext" time="0.038" classname="testScripts.Motorcycle.EnterVehicleData"/>
  <testcase name="verifyIsAnnualMileageVisible" time="0.017" classname="testScripts.Motorcycle.EnterVehicleData"/>
  <testcase name="verifyIsNextButtonVisible" time="0.018" classname="testScripts.Motorcycle.EnterVehicleData"/>
  <testcase name="verifyIsCylinderCapacitytext" time="0.039" classname="testScripts.Motorcycle.EnterVehicleData"/>
  <testcase name="verifyIsOpenPrevButtonVisible" time="0.033" classname="testScripts.Motorcycle.EnterVehicleData"/>
  <testcase name="verifyListPriceSelection" time="1.133" classname="testScripts.Motorcycle.EnterVehicleData"/>
  <testcase name="verifyIsCylinderCapacityVisible" time="0.021" classname="testScripts.Motorcycle.EnterVehicleData"/>
  <testcase name="verifyDateOfmanufacture" time="0.682" classname="testScripts.Motorcycle.EnterVehicleData"/>
  <testcase name="verifyIsDateOfManufacturetext" time="0.038" classname="testScripts.Motorcycle.EnterVehicleData"/>
  <testcase name="verifyIsListpricetext" time="0.037" classname="testScripts.Motorcycle.EnterVehicleData"/>
  <testcase name="verifyIsModelVisible" time="0.038" classname="testScripts.Motorcycle.EnterVehicleData"/>
</testsuite> <!-- testScripts.Motorcycle.EnterVehicleData -->
