<?xml version="1.0" encoding="UTF-8"?>
<!-- Generated by org.testng.reporters.JUnitReportReporter -->
<testsuite skipped="0" hostname="DESKTOP-A6N9SAN" name="testScripts.Motorcycle.EnterInsuranceData" tests="25" failures="0" timestamp="21 Aug 2020 10:28:15 GMT" time="64.900" errors="0">
  <testcase name="verifyOnClickPrevButton" time="0.208" classname="testScripts.Motorcycle.EnterInsuranceData"/>
  <testcase name="invalidWebsitentry" time="11.354" classname="testScripts.Motorcycle.EnterInsuranceData"/>
  <testcase name="verifyNextButtonText" time="0.028" classname="testScripts.Motorcycle.EnterInsuranceData"/>
  <testcase name="isNextButtonVisible" time="0.013" classname="testScripts.Motorcycle.EnterInsuranceData"/>
  <testcase name="hobbiesOptionsVisible" time="0.023" classname="testScripts.Motorcycle.EnterInsuranceData"/>
  <testcase name="hobbiesOptionsVisible" time="0.017" classname="testScripts.Motorcycle.EnterInsuranceData"/>
  <testcase name="isHobbiesLabelVisible" time="0.016" classname="testScripts.Motorcycle.EnterInsuranceData"/>
  <testcase name="isHobbiesCheckBoxVisible" time="0.023" classname="testScripts.Motorcycle.EnterInsuranceData"/>
  <testcase name="selectPicture" time="7.183" classname="testScripts.Motorcycle.EnterInsuranceData"/>
  <testcase name="invalidWebsitentry" time="11.227" classname="testScripts.Motorcycle.EnterInsuranceData"/>
  <testcase name="hobbiesOptionsVisible" time="0.021" classname="testScripts.Motorcycle.EnterInsuranceData"/>
  <testcase name="validWebsiteEntry" time="0.169" classname="testScripts.Motorcycle.EnterInsuranceData"/>
  <testcase name="verifyPrevButtonText" time="0.050" classname="testScripts.Motorcycle.EnterInsuranceData"/>
  <testcase name="isWebsiteTextBoxVisible" time="0.015" classname="testScripts.Motorcycle.EnterInsuranceData"/>
  <testcase name="hobbiesOptionsVisible" time="0.019" classname="testScripts.Motorcycle.EnterInsuranceData"/>
  <testcase name="invalidWebsitentry" time="11.290" classname="testScripts.Motorcycle.EnterInsuranceData"/>
  <testcase name="validHobbiesSelection" time="0.117" classname="testScripts.Motorcycle.EnterInsuranceData"/>
  <testcase name="validWebsiteEntry" time="0.227" classname="testScripts.Motorcycle.EnterInsuranceData"/>
  <testcase name="invalidWebsitentry" time="11.329" classname="testScripts.Motorcycle.EnterInsuranceData"/>
  <testcase name="isPictureLabelVisible" time="0.015" classname="testScripts.Motorcycle.EnterInsuranceData"/>
  <testcase name="invalidWebsitentry" time="11.347" classname="testScripts.Motorcycle.EnterInsuranceData"/>
  <testcase name="validWebsiteEntry" time="0.156" classname="testScripts.Motorcycle.EnterInsuranceData"/>
  <testcase name="hobbiesOptionsVisible" time="0.023" classname="testScripts.Motorcycle.EnterInsuranceData"/>
  <testcase name="isWebsiteLabelVisible" time="0.015" classname="testScripts.Motorcycle.EnterInsuranceData"/>
  <testcase name="isPrevButtonVisible" time="0.015" classname="testScripts.Motorcycle.EnterInsuranceData"/>
</testsuite> <!-- testScripts.Motorcycle.EnterInsuranceData -->
