<?xml version="1.0" encoding="UTF-8"?>
<!-- Generated by org.testng.reporters.JUnitReportReporter -->
<testsuite skipped="0" hostname="DESKTOP-A6N9SAN" name="testScripts.Motorcycle.SelectPriceOption" tests="1" failures="0" timestamp="22 Aug 2020 13:31:51 GMT" time="0.251" errors="0">
  <testcase name="verifyIsSelectpriceoptionVisible" time="0.251" classname="testScripts.Motorcycle.SelectPriceOption"/>
</testsuite> <!-- testScripts.Motorcycle.SelectPriceOption -->
