<?xml version="1.0" encoding="UTF-8"?>
<!-- Generated by org.testng.reporters.JUnitReportReporter -->
<testsuite skipped="0" hostname="DESKTOP-A6N9SAN" name="testScripts.Motorcycle.EnterVehicleData" tests="28" failures="0" timestamp="21 Aug 2020 10:28:15 GMT" time="13.484" errors="0">
  <testcase name="verifyIsEnginePerformanceVisible" time="0.017" classname="testScripts.Motorcycle.EnterVehicleData"/>
  <testcase name="verifyIsSelectMakerSelectable" time="3.217" classname="testScripts.Motorcycle.EnterVehicleData"/>
  <testcase name="verifyDateOfmanufacture" time="0.532" classname="testScripts.Motorcycle.EnterVehicleData"/>
  <testcase name="verifyIsAnnualMileagetext" time="0.031" classname="testScripts.Motorcycle.EnterVehicleData"/>
  <testcase name="verifyIsListpricetext" time="0.037" classname="testScripts.Motorcycle.EnterVehicleData"/>
  <testcase name="verifyIsOpenNextButtonVisible" time="0.016" classname="testScripts.Motorcycle.EnterVehicleData"/>
  <testcase name="verifyIsNumberofSeatstext" time="0.029" classname="testScripts.Motorcycle.EnterVehicleData"/>
  <testcase name="verifyIsModelVisible" time="0.018" classname="testScripts.Motorcycle.EnterVehicleData"/>
  <testcase name="verifyIsSelectMaker1Selectable" time="3.118" classname="testScripts.Motorcycle.EnterVehicleData"/>
  <testcase name="verifyIsOpenPrevButtonVisible" time="0.017" classname="testScripts.Motorcycle.EnterVehicleData"/>
  <testcase name="verifyCylinderCapacitySelection" time="0.602" classname="testScripts.Motorcycle.EnterVehicleData"/>
  <testcase name="verifyAnnualMileageSelection" time="0.924" classname="testScripts.Motorcycle.EnterVehicleData"/>
  <testcase name="verifyIsMaketext" time="0.035" classname="testScripts.Motorcycle.EnterVehicleData"/>
  <testcase name="verifyIsListPriceVisible" time="0.023" classname="testScripts.Motorcycle.EnterVehicleData"/>
  <testcase name="verifyIsMakeVisible" time="0.021" classname="testScripts.Motorcycle.EnterVehicleData"/>
  <testcase name="verifyIsCylinderCapacityVisible" time="0.015" classname="testScripts.Motorcycle.EnterVehicleData"/>
  <testcase name="verifyIsNextButtonVisible" time="0.015" classname="testScripts.Motorcycle.EnterVehicleData"/>
  <testcase name="verifyIsNumberOfSeatsVisible" time="0.016" classname="testScripts.Motorcycle.EnterVehicleData"/>
  <testcase name="verifyEnginePerformanceSelection" time="0.598" classname="testScripts.Motorcycle.EnterVehicleData"/>
  <testcase name="verifyIsOpenDateOfCalenderButtonVisible" time="0.014" classname="testScripts.Motorcycle.EnterVehicleData"/>
  <testcase name="verifyIsCylinderCapacitytext" time="0.032" classname="testScripts.Motorcycle.EnterVehicleData"/>
  <testcase name="verifyIsSelectMaker2Selectable" time="3.174" classname="testScripts.Motorcycle.EnterVehicleData"/>
  <testcase name="verifyIsDateOfManufacturetext" time="0.031" classname="testScripts.Motorcycle.EnterVehicleData"/>
  <testcase name="verifyListPriceSelection" time="0.823" classname="testScripts.Motorcycle.EnterVehicleData"/>
  <testcase name="verifyIsModeltext" time="0.036" classname="testScripts.Motorcycle.EnterVehicleData"/>
  <testcase name="verifyIsAnnualMileageVisible" time="0.020" classname="testScripts.Motorcycle.EnterVehicleData"/>
  <testcase name="verifyIsNextButtontext" time="0.028" classname="testScripts.Motorcycle.EnterVehicleData"/>
  <testcase name="verifyIsEnginePerformancetext" time="0.045" classname="testScripts.Motorcycle.EnterVehicleData"/>
</testsuite> <!-- testScripts.Motorcycle.EnterVehicleData -->
