<?xml version="1.0" encoding="UTF-8"?>
<!-- Generated by org.testng.reporters.JUnitReportReporter -->
<testsuite skipped="0" hostname="DESKTOP-A6N9SAN" name="testScripts.Motorcycle.EnterProductData" tests="30" failures="0" timestamp="21 Aug 2020 12:44:23 GMT" time="4.717" errors="0">
  <testcase name="damageInsuranceOptionsVisible" time="0.517" classname="testScripts.Motorcycle.EnterProductData"/>
  <testcase name="validStartDateText" time="0.399" classname="testScripts.Motorcycle.EnterProductData"/>
  <testcase name="hobbiesOptionsVisible" time="0.198" classname="testScripts.Motorcycle.EnterProductData"/>
  <testcase name="verifyOnClickPrevButton" time="0.300" classname="testScripts.Motorcycle.EnterProductData"/>
  <testcase name="hobbiesOptionsVisible" time="0.268" classname="testScripts.Motorcycle.EnterProductData"/>
  <testcase name="checkNextLabelInsSum" time="0.144" classname="testScripts.Motorcycle.EnterProductData"/>
  <testcase name="isOptionalProductsLabelVisible" time="0.019" classname="testScripts.Motorcycle.EnterProductData"/>
  <testcase name="isOptionalProductTextBoxVisible" time="0.029" classname="testScripts.Motorcycle.EnterProductData"/>
  <testcase name="damageInsuranceOptionsVisible" time="0.201" classname="testScripts.Motorcycle.EnterProductData"/>
  <testcase name="isDamageInsuranceDropDownVisible" time="0.088" classname="testScripts.Motorcycle.EnterProductData"/>
  <testcase name="damageInsuranceOptionsVisible" time="0.185" classname="testScripts.Motorcycle.EnterProductData"/>
  <testcase name="hobbiesOptionsVisible" time="0.187" classname="testScripts.Motorcycle.EnterProductData"/>
  <testcase name="hobbiesOptionsVisible" time="0.320" classname="testScripts.Motorcycle.EnterProductData"/>
  <testcase name="hobbiesOptionsVisible" time="0.204" classname="testScripts.Motorcycle.EnterProductData"/>
  <testcase name="damageInsuranceLabelVisible" time="0.028" classname="testScripts.Motorcycle.EnterProductData"/>
  <testcase name="hobbiesOptionsVisible" time="0.198" classname="testScripts.Motorcycle.EnterProductData"/>
  <testcase name="hobbiesOptionsVisible" time="0.228" classname="testScripts.Motorcycle.EnterProductData"/>
  <testcase name="isStartDateTextBoxVisible" time="0.017" classname="testScripts.Motorcycle.EnterProductData"/>
  <testcase name="verifyNextButtonText" time="0.038" classname="testScripts.Motorcycle.EnterProductData"/>
  <testcase name="isCalendarButtonClickable" time="0.120" classname="testScripts.Motorcycle.EnterProductData"/>
  <testcase name="isInsuranceSumDropDownVisible" time="0.083" classname="testScripts.Motorcycle.EnterProductData"/>
  <testcase name="validDamageInsuranceDropDownSelection" time="0.145" classname="testScripts.Motorcycle.EnterProductData"/>
  <testcase name="validInsuranceDropDown" time="0.143" classname="testScripts.Motorcycle.EnterProductData"/>
  <testcase name="isInsuranceSumLabelVisible" time="0.092" classname="testScripts.Motorcycle.EnterProductData"/>
  <testcase name="hobbiesOptionsVisible" time="0.196" classname="testScripts.Motorcycle.EnterProductData"/>
  <testcase name="hobbiesOptionsVisible" time="0.196" classname="testScripts.Motorcycle.EnterProductData"/>
  <testcase name="verifyPrevButtonText" time="0.078" classname="testScripts.Motorcycle.EnterProductData"/>
  <testcase name="isStartDateLabelVisible" time="0.018" classname="testScripts.Motorcycle.EnterProductData"/>
  <testcase name="isNextButtonVisible" time="0.063" classname="testScripts.Motorcycle.EnterProductData"/>
  <testcase name="isPrevButtonVisible" time="0.015" classname="testScripts.Motorcycle.EnterProductData"/>
</testsuite> <!-- testScripts.Motorcycle.EnterProductData -->
