<?xml version="1.0" encoding="UTF-8"?>
<!-- Generated by org.testng.reporters.JUnitReportReporter -->
<testsuite hostname="a" name="testScripts.Motorcycle.SelectPriceOption" tests="5" failures="0" timestamp="19 Aug 2020 18:12:12 GMT" time="2.309" errors="0">
  <testcase name="verifyIsSelectpriceoption1Clickable" time="0.163" classname="testScripts.Motorcycle.SelectPriceOption"/>
  <testcase name="verifyIsSelectpriceoptiontext" time="0.511" classname="testScripts.Motorcycle.SelectPriceOption"/>
  <testcase name="verifyIsSelectpriceoptionClickable" time="0.790" classname="testScripts.Motorcycle.SelectPriceOption"/>
  <testcase name="verifyIsSelectpriceoptionVisible" time="0.584" classname="testScripts.Motorcycle.SelectPriceOption"/>
  <testcase name="verifyIsSelectpriceoption1text" time="0.261" classname="testScripts.Motorcycle.SelectPriceOption"/>
</testsuite> <!-- testScripts.Motorcycle.SelectPriceOption -->
