<?xml version="1.0" encoding="UTF-8"?>
<!-- Generated by org.testng.reporters.JUnitReportReporter -->
<testsuite skipped="0" hostname="DESKTOP-A6N9SAN" name="testScripts.Motorcycle.EnterInsuranceData" tests="42" failures="0" timestamp="22 Aug 2020 12:10:26 GMT" time="142.766" errors="0">
  <testcase name="invalidWebsitentry" time="10.220" classname="testScripts.Motorcycle.EnterInsuranceData"/>
  <testcase name="validLastName" time="0.267" classname="testScripts.Motorcycle.EnterInsuranceData"/>
  <testcase name="isWebsiteLabelVisible" time="0.014" classname="testScripts.Motorcycle.EnterInsuranceData"/>
  <testcase name="invalidLastName" time="10.219" classname="testScripts.Motorcycle.EnterInsuranceData"/>
  <testcase name="invalidFirstName" time="10.256" classname="testScripts.Motorcycle.EnterInsuranceData"/>
  <testcase name="validLastName" time="0.215" classname="testScripts.Motorcycle.EnterInsuranceData"/>
  <testcase name="occupationOptionsVisible" time="0.017" classname="testScripts.Motorcycle.EnterInsuranceData"/>
  <testcase name="validFirstName" time="0.240" classname="testScripts.Motorcycle.EnterInsuranceData"/>
  <testcase name="invalidFirstName" time="10.230" classname="testScripts.Motorcycle.EnterInsuranceData"/>
  <testcase name="hobbiesOptionsVisible" time="0.017" classname="testScripts.Motorcycle.EnterInsuranceData"/>
  <testcase name="invalidFirstName" time="10.370" classname="testScripts.Motorcycle.EnterInsuranceData"/>
  <testcase name="validWebsiteEntry" time="0.199" classname="testScripts.Motorcycle.EnterInsuranceData"/>
  <testcase name="invalidWebsitentry" time="10.186" classname="testScripts.Motorcycle.EnterInsuranceData"/>
  <testcase name="hobbiesOptionsVisible" time="0.060" classname="testScripts.Motorcycle.EnterInsuranceData"/>
  <testcase name="invalidWebsitentry" time="10.165" classname="testScripts.Motorcycle.EnterInsuranceData"/>
  <testcase name="validWebsiteEntry" time="0.163" classname="testScripts.Motorcycle.EnterInsuranceData"/>
  <testcase name="validFirstName" time="0.258" classname="testScripts.Motorcycle.EnterInsuranceData"/>
  <testcase name="occupationOptionsVisible" time="0.022" classname="testScripts.Motorcycle.EnterInsuranceData"/>
  <testcase name="invalidLastName" time="10.216" classname="testScripts.Motorcycle.EnterInsuranceData"/>
  <testcase name="selectPicture" time="7.188" classname="testScripts.Motorcycle.EnterInsuranceData"/>
  <testcase name="occupationOptionsVisible" time="0.022" classname="testScripts.Motorcycle.EnterInsuranceData"/>
  <testcase name="hobbiesOptionsVisible" time="0.019" classname="testScripts.Motorcycle.EnterInsuranceData"/>
  <testcase name="invalidWebsitentry" time="10.169" classname="testScripts.Motorcycle.EnterInsuranceData"/>
  <testcase name="hobbiesOptionsVisible" time="0.024" classname="testScripts.Motorcycle.EnterInsuranceData"/>
  <testcase name="occupationOptionsVisible" time="0.016" classname="testScripts.Motorcycle.EnterInsuranceData"/>
  <testcase name="isHobbiesCheckBoxVisible" time="0.032" classname="testScripts.Motorcycle.EnterInsuranceData"/>
  <testcase name="isWebsiteTextBoxVisible" time="0.016" classname="testScripts.Motorcycle.EnterInsuranceData"/>
  <testcase name="verifyPrevButtonText" time="0.044" classname="testScripts.Motorcycle.EnterInsuranceData"/>
  <testcase name="isPrevButtonVisible" time="0.015" classname="testScripts.Motorcycle.EnterInsuranceData"/>
  <testcase name="isPictureLabelVisible" time="0.014" classname="testScripts.Motorcycle.EnterInsuranceData"/>
  <testcase name="validWebsiteEntry" time="0.184" classname="testScripts.Motorcycle.EnterInsuranceData"/>
  <testcase name="invalidWebsitentry" time="10.388" classname="testScripts.Motorcycle.EnterInsuranceData"/>
  <testcase name="hobbiesOptionsVisible" time="0.024" classname="testScripts.Motorcycle.EnterInsuranceData"/>
  <testcase name="isNextButtonVisible" time="0.014" classname="testScripts.Motorcycle.EnterInsuranceData"/>
  <testcase name="invalidLastName" time="10.244" classname="testScripts.Motorcycle.EnterInsuranceData"/>
  <testcase name="isHobbiesLabelVisible" time="0.016" classname="testScripts.Motorcycle.EnterInsuranceData"/>
  <testcase name="verifyOnClickPrevButton" time="0.223" classname="testScripts.Motorcycle.EnterInsuranceData"/>
  <testcase name="occupationOptionsVisible" time="0.015" classname="testScripts.Motorcycle.EnterInsuranceData"/>
  <testcase name="verifyNextButtonText" time="0.033" classname="testScripts.Motorcycle.EnterInsuranceData"/>
  <testcase name="invalidLastName" time="10.292" classname="testScripts.Motorcycle.EnterInsuranceData"/>
  <testcase name="validHobbiesSelection" time="0.141" classname="testScripts.Motorcycle.EnterInsuranceData"/>
  <testcase name="invalidFirstName" time="10.299" classname="testScripts.Motorcycle.EnterInsuranceData"/>
</testsuite> <!-- testScripts.Motorcycle.EnterInsuranceData -->
