<?xml version="1.0" encoding="UTF-8"?>
<!-- Generated by org.testng.reporters.JUnitReportReporter -->
<testsuite skipped="0" hostname="DESKTOP-A6N9SAN" name="testScripts.Motorcycle.EnterVehicleData" tests="28" failures="0" timestamp="21 Aug 2020 11:54:42 GMT" time="15.144" errors="0">
  <testcase name="verifyIsNumberOfSeatsVisible" time="0.025" classname="testScripts.Motorcycle.EnterVehicleData"/>
  <testcase name="verifyIsSelectMakerSelectable" time="3.191" classname="testScripts.Motorcycle.EnterVehicleData"/>
  <testcase name="verifyIsEnginePerformanceVisible" time="0.022" classname="testScripts.Motorcycle.EnterVehicleData"/>
  <testcase name="verifyIsSelectMaker1Selectable" time="3.157" classname="testScripts.Motorcycle.EnterVehicleData"/>
  <testcase name="verifyIsOpenDateOfCalenderButtonVisible" time="0.020" classname="testScripts.Motorcycle.EnterVehicleData"/>
  <testcase name="verifyIsSelectMaker2Selectable" time="3.255" classname="testScripts.Motorcycle.EnterVehicleData"/>
  <testcase name="verifyIsNextButtontext" time="0.032" classname="testScripts.Motorcycle.EnterVehicleData"/>
  <testcase name="verifyIsListpricetext" time="0.032" classname="testScripts.Motorcycle.EnterVehicleData"/>
  <testcase name="verifyIsEnginePerformancetext" time="0.035" classname="testScripts.Motorcycle.EnterVehicleData"/>
  <testcase name="verifyIsAnnualMileageVisible" time="0.023" classname="testScripts.Motorcycle.EnterVehicleData"/>
  <testcase name="verifyIsNumberofSeatstext" time="0.046" classname="testScripts.Motorcycle.EnterVehicleData"/>
  <testcase name="verifyDateOfmanufacture" time="0.730" classname="testScripts.Motorcycle.EnterVehicleData"/>
  <testcase name="verifyCylinderCapacitySelection" time="0.818" classname="testScripts.Motorcycle.EnterVehicleData"/>
  <testcase name="verifyIsDateOfManufacturetext" time="0.074" classname="testScripts.Motorcycle.EnterVehicleData"/>
  <testcase name="verifyIsOpenPrevButtonVisible" time="0.035" classname="testScripts.Motorcycle.EnterVehicleData"/>
  <testcase name="verifyIsModelVisible" time="0.018" classname="testScripts.Motorcycle.EnterVehicleData"/>
  <testcase name="verifyIsMakeVisible" time="0.022" classname="testScripts.Motorcycle.EnterVehicleData"/>
  <testcase name="verifyIsNextButtonVisible" time="0.021" classname="testScripts.Motorcycle.EnterVehicleData"/>
  <testcase name="verifyIsModeltext" time="0.032" classname="testScripts.Motorcycle.EnterVehicleData"/>
  <testcase name="verifyEnginePerformanceSelection" time="0.859" classname="testScripts.Motorcycle.EnterVehicleData"/>
  <testcase name="verifyIsCylinderCapacityVisible" time="0.024" classname="testScripts.Motorcycle.EnterVehicleData"/>
  <testcase name="verifyIsOpenNextButtonVisible" time="0.020" classname="testScripts.Motorcycle.EnterVehicleData"/>
  <testcase name="verifyIsAnnualMileagetext" time="0.036" classname="testScripts.Motorcycle.EnterVehicleData"/>
  <testcase name="verifyListPriceSelection" time="1.226" classname="testScripts.Motorcycle.EnterVehicleData"/>
  <testcase name="verifyAnnualMileageSelection" time="1.251" classname="testScripts.Motorcycle.EnterVehicleData"/>
  <testcase name="verifyIsCylinderCapacitytext" time="0.061" classname="testScripts.Motorcycle.EnterVehicleData"/>
  <testcase name="verifyIsListPriceVisible" time="0.016" classname="testScripts.Motorcycle.EnterVehicleData"/>
  <testcase name="verifyIsMaketext" time="0.063" classname="testScripts.Motorcycle.EnterVehicleData"/>
</testsuite> <!-- testScripts.Motorcycle.EnterVehicleData -->
